<?xml version="1.0" encoding="UTF-8"?>
<!-- Generated by org.testng.reporters.JUnitReportReporter -->
<testsuite hostname="Shivam Negi" name="com.browserstack.SingleTest" tests="3" failures="0" timestamp="17 Dec 2021 04:45:19 GMT" time="48.107" errors="0">
  <testcase name="test" time="17.572" classname="com.browserstack.SingleTest"/>
  <testcase name="test" time="18.128" classname="com.browserstack.SingleTest"/>
  <testcase name="test" time="12.407" classname="com.browserstack.SingleTest"/>
</testsuite> <!-- com.browserstack.SingleTest -->
